app/build/intermediates/manifest_merge_blame_file/debug/manifest-merger-blame-debug-report.txt
1<?xml version="1.0" encoding="utf-8"?>
2<manifest xmlns:android="http://schemas.android.com/apk/res/android"
3    package="edu.byu.cs.tweeter"
4    android:versionCode="1"
5    android:versionName="1.0" >
6
7    <uses-sdk
8        android:minSdkVersion="26"
8-->src/main/AndroidManifest.xml
9        android:targetSdkVersion="29" />
9-->src/main/AndroidManifest.xml
10
11    <uses-permission android:name="android.permission.INTERNET" />
11-->src/main/AndroidManifest.xml:5:5-67
11-->src/main/AndroidManifest.xml:5:22-64
12    <uses-permission android:name="android.permission.CAMERA" />
12-->src/main/AndroidManifest.xml:6:5-65
12-->src/main/AndroidManifest.xml:6:22-62
13
14    <uses-feature
14-->src/main/AndroidManifest.xml:8:5-10:36
15        android:name="android.hardware.camera"
15-->src/main/AndroidManifest.xml:9:9-47
16        android:required="false" />
16-->src/main/AndroidManifest.xml:10:9-33
17
18    <application
18-->src/main/AndroidManifest.xml:13:5-49:19
19        android:allowBackup="true"
19-->src/main/AndroidManifest.xml:14:9-35
20        android:appComponentFactory="androidx.core.app.CoreComponentFactory"
20-->[androidx.core:core:1.0.1] AndroidManifest.xml:22:18-86
21        android:debuggable="true"
22        android:extractNativeLibs="false"
23        android:icon="@mipmap/ic_launcher"
23-->src/main/AndroidManifest.xml:15:9-43
24        android:label="@string/app_name"
24-->src/main/AndroidManifest.xml:16:9-41
25        android:roundIcon="@mipmap/ic_launcher_round"
25-->src/main/AndroidManifest.xml:17:9-54
26        android:supportsRtl="true"
26-->src/main/AndroidManifest.xml:18:9-35
27        android:testOnly="true"
28        android:theme="@style/AppTheme" >
28-->src/main/AndroidManifest.xml:19:9-40
29        <activity
29-->src/main/AndroidManifest.xml:20:9-23:16
30            android:name="edu.byu.cs.tweeter.view.profile.ProfileActivity"
30-->src/main/AndroidManifest.xml:21:13-57
31            android:label="@string/title_activity_main" />
31-->src/main/AndroidManifest.xml:22:13-56
32        <activity
32-->src/main/AndroidManifest.xml:24:9-33:20
33            android:name="edu.byu.cs.tweeter.view.login.LandingActivity"
33-->src/main/AndroidManifest.xml:25:13-55
34            android:label="@string/title_activity_landing"
34-->src/main/AndroidManifest.xml:26:13-59
35            android:theme="@style/AppTheme.NoActionBar" >
35-->src/main/AndroidManifest.xml:27:13-56
36            <intent-filter>
36-->src/main/AndroidManifest.xml:28:13-32:29
37                <action android:name="android.intent.action.MAIN" />
37-->src/main/AndroidManifest.xml:29:17-69
37-->src/main/AndroidManifest.xml:29:25-66
38
39                <category android:name="android.intent.category.LAUNCHER" />
39-->src/main/AndroidManifest.xml:31:17-77
39-->src/main/AndroidManifest.xml:31:27-74
40            </intent-filter>
41        </activity>
42        <!--
43<activity
44            android:name=".view.LoginActivity"
45            android:label="@string/title_activity_login"
46            android:theme="@style/AppTheme.NoActionBar">
47            <intent-filter>
48                <action android:name="android.intent.action.MAIN" />
49
50                <category android:name="android.intent.category.LAUNCHER" />
51            </intent-filter>
52        </activity>
53        -->
54        <activity
54-->src/main/AndroidManifest.xml:46:9-48:59
55            android:name="edu.byu.cs.tweeter.view.main.MainActivity"
55-->src/main/AndroidManifest.xml:47:13-51
56            android:label="@string/title_activity_main" />
56-->src/main/AndroidManifest.xml:48:13-56
57
58        <provider
58-->[androidx.lifecycle:lifecycle-process:2.0.0] AndroidManifest.xml:23:9-27:43
59            android:name="androidx.lifecycle.ProcessLifecycleOwnerInitializer"
59-->[androidx.lifecycle:lifecycle-process:2.0.0] AndroidManifest.xml:24:13-79
60            android:authorities="edu.byu.cs.tweeter.lifecycle-process"
60-->[androidx.lifecycle:lifecycle-process:2.0.0] AndroidManifest.xml:25:13-69
61            android:exported="false"
61-->[androidx.lifecycle:lifecycle-process:2.0.0] AndroidManifest.xml:26:13-37
62            android:multiprocess="true" />
62-->[androidx.lifecycle:lifecycle-process:2.0.0] AndroidManifest.xml:27:13-40
63    </application>
64
65</manifest>